# JRE version: OpenJDK Runtime Environment JBR-11.0.14.1.1-2043.25-jcef (11.0.14.1+1) (build 11.0.14.1+1-b2043.25)
# Java VM: OpenJDK 64-Bit Server VM JBR-11.0.14.1.1-2043.25-jcef (11.0.14.1+1-b2043.25, mixed mode, tiered, compressed oops, g1 gc, windows-amd64)
Heap:
 garbage-first heap   total 131072K, used 7640K [0x00000000d1200000, 0x0000000100000000)
  region size 1024K, 2 young (2048K), 0 survivors (0K)
 Metaspace       used 22636K, capacity 23260K, committed 24112K, reserved 1071104K
  class space    used 2243K, capacity 2442K, committed 2688K, reserved 1048576K
GC Heap History (8 events):
Event: 3.834 GC heap before
{Heap before GC invocations=0 (full 0):
 garbage-first heap   total 131072K, used 23552K [0x00000000d1200000, 0x0000000100000000)
  region size 1024K, 24 young (24576K), 0 survivors (0K)
 Metaspace       used 16633K, capacity 17175K, committed 17408K, reserved 1064960K
  class space    used 1747K, capacity 1980K, committed 2048K, reserved 1048576K
}
Event: 3.843 GC heap after
{Heap after GC invocations=1 (full 0):
 garbage-first heap   total 131072K, used 5759K [0x00000000d1200000, 0x0000000100000000)
  region size 1024K, 3 young (3072K), 3 survivors (3072K)
 Metaspace       used 16633K, capacity 17175K, committed 17408K, reserved 1064960K
  class space    used 1747K, capacity 1980K, committed 2048K, reserved 1048576K
}
Event: 5.028 GC heap before
{Heap before GC invocations=1 (full 0):
 garbage-first heap   total 131072K, used 11903K [0x00000000d1200000, 0x0000000100000000)
  region size 1024K, 10 young (10240K), 3 survivors (3072K)
 Metaspace       used 20570K, capacity 21185K, committed 21296K, reserved 1069056K
  class space    used 2168K, capacity 2416K, committed 2432K, reserved 1048576K
}
Event: 5.035 GC heap after
{Heap after GC invocations=2 (full 0):
 garbage-first heap   total 131072K, used 7091K [0x00000000d1200000, 0x0000000100000000)
  region size 1024K, 1 young (1024K), 1 survivors (1024K)
 Metaspace       used 20570K, capacity 21185K, committed 21296K, reserved 1069056K
  class space    used 2168K, capacity 2416K, committed 2432K, reserved 1048576K
}
Event: 3605.072 GC heap before
{Heap before GC invocations=3 (full 0):
 garbage-first heap   total 131072K, used 39859K [0x00000000d1200000, 0x0000000100000000)
  region size 1024K, 34 young (34816K), 1 survivors (1024K)
 Metaspace       used 21645K, capacity 22372K, committed 22704K, reserved 1069056K
  class space    used 2214K, capacity 2495K, committed 2560K, reserved 1048576K
}
Event: 3605.170 GC heap after
{Heap after GC invocations=4 (full 1):
 garbage-first heap   total 131072K, used 6452K [0x00000000d1200000, 0x0000000100000000)
  region size 1024K, 0 young (0K), 0 survivors (0K)
 Metaspace       used 21642K, capacity 22366K, committed 22704K, reserved 1069056K
  class space    used 2213K, capacity 2493K, committed 2560K, reserved 1048576K
}
Event: 7205.172 GC heap before
{Heap before GC invocations=4 (full 1):
 garbage-first heap   total 131072K, used 41268K [0x00000000d1200000, 0x0000000100000000)
  region size 1024K, 35 young (35840K), 0 survivors (0K)
 Metaspace       used 23009K, capacity 23834K, committed 24112K, reserved 1071104K
  class space    used 2345K, capacity 2640K, committed 2688K, reserved 1048576K
}
Event: 7205.563 GC heap after
{Heap after GC invocations=5 (full 2):
 garbage-first heap   total 131072K, used 6616K [0x00000000d1200000, 0x0000000100000000)
  region size 1024K, 0 young (0K), 0 survivors (0K)
 Metaspace       used 22636K, capacity 23260K, committed 24112K, reserved 1071104K
  class space    used 2243K, capacity 2442K, committed 2688K, reserved 1048576K
}

